{"D:\\SLIIT\\Year 2 Semester 2\\IT2150 - IT Project\\Source\\unistay_boarding_discovery_platform-frontend\\lib\\boarding.ts": {"path":"D:\\SLIIT\\Year 2 Semester 2\\IT2150 - IT Project\\Source\\unistay_boarding_discovery_platform-frontend\\lib\\boarding.ts","statementMap":{"0":{"start":{"line":59,"column":40},"end":{"line":59,"column":42}},"1":{"start":{"line":60,"column":2},"end":{"line":60,"column":66}},"2":{"start":{"line":60,"column":33},"end":{"line":60,"column":66}},"3":{"start":{"line":61,"column":2},"end":{"line":61,"column":66}},"4":{"start":{"line":61,"column":33},"end":{"line":61,"column":66}},"5":{"start":{"line":62,"column":2},"end":{"line":62,"column":44}},"6":{"start":{"line":62,"column":19},"end":{"line":62,"column":44}},"7":{"start":{"line":63,"column":2},"end":{"line":63,"column":56}},"8":{"start":{"line":63,"column":23},"end":{"line":63,"column":56}},"9":{"start":{"line":64,"column":2},"end":{"line":64,"column":75}},"10":{"start":{"line":64,"column":36},"end":{"line":64,"column":75}},"11":{"start":{"line":65,"column":2},"end":{"line":65,"column":75}},"12":{"start":{"line":65,"column":36},"end":{"line":65,"column":75}},"13":{"start":{"line":66,"column":2},"end":{"line":66,"column":68}},"14":{"start":{"line":66,"column":27},"end":{"line":66,"column":68}},"15":{"start":{"line":67,"column":2},"end":{"line":67,"column":62}},"16":{"start":{"line":67,"column":25},"end":{"line":67,"column":62}},"17":{"start":{"line":68,"column":2},"end":{"line":68,"column":77}},"18":{"start":{"line":68,"column":32},"end":{"line":68,"column":77}},"19":{"start":{"line":69,"column":2},"end":{"line":69,"column":74}},"20":{"start":{"line":69,"column":29},"end":{"line":69,"column":74}},"21":{"start":{"line":70,"column":2},"end":{"line":70,"column":50}},"22":{"start":{"line":70,"column":21},"end":{"line":70,"column":50}},"23":{"start":{"line":71,"column":2},"end":{"line":71,"column":50}},"24":{"start":{"line":71,"column":21},"end":{"line":71,"column":50}},"25":{"start":{"line":72,"column":2},"end":{"line":72,"column":53}},"26":{"start":{"line":72,"column":22},"end":{"line":72,"column":53}},"27":{"start":{"line":74,"column":19},"end":{"line":76,"column":4}},"28":{"start":{"line":77,"column":2},"end":{"line":77,"column":23}},"29":{"start":{"line":81,"column":19},"end":{"line":83,"column":3}},"30":{"start":{"line":84,"column":2},"end":{"line":84,"column":23}},"31":{"start":{"line":88,"column":19},"end":{"line":90,"column":3}},"32":{"start":{"line":91,"column":2},"end":{"line":91,"column":23}},"33":{"start":{"line":95,"column":19},"end":{"line":98,"column":3}},"34":{"start":{"line":99,"column":2},"end":{"line":99,"column":23}},"35":{"start":{"line":103,"column":19},"end":{"line":106,"column":3}},"36":{"start":{"line":107,"column":2},"end":{"line":107,"column":23}},"37":{"start":{"line":111,"column":19},"end":{"line":113,"column":3}},"38":{"start":{"line":114,"column":2},"end":{"line":114,"column":23}},"39":{"start":{"line":118,"column":19},"end":{"line":120,"column":3}},"40":{"start":{"line":121,"column":2},"end":{"line":121,"column":23}},"41":{"start":{"line":125,"column":19},"end":{"line":127,"column":3}},"42":{"start":{"line":128,"column":2},"end":{"line":128,"column":23}},"43":{"start":{"line":132,"column":19},"end":{"line":138,"column":3}},"44":{"start":{"line":139,"column":2},"end":{"line":139,"column":23}},"45":{"start":{"line":143,"column":19},"end":{"line":145,"column":3}},"46":{"start":{"line":146,"column":2},"end":{"line":146,"column":23}},"47":{"start":{"line":150,"column":19},"end":{"line":152,"column":3}},"48":{"start":{"line":153,"column":2},"end":{"line":153,"column":23}}},"fnMap":{"0":{"name":"searchBoardings","decl":{"start":{"line":58,"column":22},"end":{"line":58,"column":37}},"loc":{"start":{"line":58,"column":74},"end":{"line":78,"column":1}},"line":58},"1":{"name":"getBoardingBySlug","decl":{"start":{"line":80,"column":22},"end":{"line":80,"column":39}},"loc":{"start":{"line":80,"column":54},"end":{"line":85,"column":1}},"line":80},"2":{"name":"getMyListings","decl":{"start":{"line":87,"column":22},"end":{"line":87,"column":35}},"loc":{"start":{"line":87,"column":38},"end":{"line":92,"column":1}},"line":87},"3":{"name":"createBoarding","decl":{"start":{"line":94,"column":22},"end":{"line":94,"column":36}},"loc":{"start":{"line":94,"column":69},"end":{"line":100,"column":1}},"line":94},"4":{"name":"updateBoarding","decl":{"start":{"line":102,"column":22},"end":{"line":102,"column":36}},"loc":{"start":{"line":102,"column":81},"end":{"line":108,"column":1}},"line":102},"5":{"name":"submitBoardingForApproval","decl":{"start":{"line":110,"column":22},"end":{"line":110,"column":47}},"loc":{"start":{"line":110,"column":60},"end":{"line":115,"column":1}},"line":110},"6":{"name":"deactivateBoarding","decl":{"start":{"line":117,"column":22},"end":{"line":117,"column":40}},"loc":{"start":{"line":117,"column":53},"end":{"line":122,"column":1}},"line":117},"7":{"name":"activateBoarding","decl":{"start":{"line":124,"column":22},"end":{"line":124,"column":38}},"loc":{"start":{"line":124,"column":51},"end":{"line":129,"column":1}},"line":124},"8":{"name":"uploadBoardingImages","decl":{"start":{"line":131,"column":22},"end":{"line":131,"column":42}},"loc":{"start":{"line":131,"column":72},"end":{"line":140,"column":1}},"line":131},"9":{"name":"deleteBoardingImage","decl":{"start":{"line":142,"column":22},"end":{"line":142,"column":41}},"loc":{"start":{"line":142,"column":71},"end":{"line":147,"column":1}},"line":142},"10":{"name":"getBoardingReviews","decl":{"start":{"line":149,"column":22},"end":{"line":149,"column":40}},"loc":{"start":{"line":149,"column":55},"end":{"line":154,"column":1}},"line":149}},"branchMap":{"0":{"loc":{"start":{"line":58,"column":38},"end":{"line":58,"column":72}},"type":"default-arg","locations":[{"start":{"line":58,"column":70},"end":{"line":58,"column":72}}],"line":58},"1":{"loc":{"start":{"line":60,"column":2},"end":{"line":60,"column":66}},"type":"if","locations":[{"start":{"line":60,"column":2},"end":{"line":60,"column":66}},{"start":{},"end":{}}],"line":60},"2":{"loc":{"start":{"line":61,"column":2},"end":{"line":61,"column":66}},"type":"if","locations":[{"start":{"line":61,"column":2},"end":{"line":61,"column":66}},{"start":{},"end":{}}],"line":61},"3":{"loc":{"start":{"line":62,"column":2},"end":{"line":62,"column":44}},"type":"if","locations":[{"start":{"line":62,"column":2},"end":{"line":62,"column":44}},{"start":{},"end":{}}],"line":62},"4":{"loc":{"start":{"line":63,"column":2},"end":{"line":63,"column":56}},"type":"if","locations":[{"start":{"line":63,"column":2},"end":{"line":63,"column":56}},{"start":{},"end":{}}],"line":63},"5":{"loc":{"start":{"line":64,"column":2},"end":{"line":64,"column":75}},"type":"if","locations":[{"start":{"line":64,"column":2},"end":{"line":64,"column":75}},{"start":{},"end":{}}],"line":64},"6":{"loc":{"start":{"line":65,"column":2},"end":{"line":65,"column":75}},"type":"if","locations":[{"start":{"line":65,"column":2},"end":{"line":65,"column":75}},{"start":{},"end":{}}],"line":65},"7":{"loc":{"start":{"line":66,"column":2},"end":{"line":66,"column":68}},"type":"if","locations":[{"start":{"line":66,"column":2},"end":{"line":66,"column":68}},{"start":{},"end":{}}],"line":66},"8":{"loc":{"start":{"line":67,"column":2},"end":{"line":67,"column":62}},"type":"if","locations":[{"start":{"line":67,"column":2},"end":{"line":67,"column":62}},{"start":{},"end":{}}],"line":67},"9":{"loc":{"start":{"line":68,"column":2},"end":{"line":68,"column":77}},"type":"if","locations":[{"start":{"line":68,"column":2},"end":{"line":68,"column":77}},{"start":{},"end":{}}],"line":68},"10":{"loc":{"start":{"line":69,"column":2},"end":{"line":69,"column":74}},"type":"if","locations":[{"start":{"line":69,"column":2},"end":{"line":69,"column":74}},{"start":{},"end":{}}],"line":69},"11":{"loc":{"start":{"line":70,"column":2},"end":{"line":70,"column":50}},"type":"if","locations":[{"start":{"line":70,"column":2},"end":{"line":70,"column":50}},{"start":{},"end":{}}],"line":70},"12":{"loc":{"start":{"line":71,"column":2},"end":{"line":71,"column":50}},"type":"if","locations":[{"start":{"line":71,"column":2},"end":{"line":71,"column":50}},{"start":{},"end":{}}],"line":71},"13":{"loc":{"start":{"line":72,"column":2},"end":{"line":72,"column":53}},"type":"if","locations":[{"start":{"line":72,"column":2},"end":{"line":72,"column":53}},{"start":{},"end":{}}],"line":72}},"s":{"0":4,"1":4,"2":1,"3":4,"4":1,"5":4,"6":2,"7":4,"8":0,"9":4,"10":1,"11":4,"12":0,"13":4,"14":0,"15":4,"16":0,"17":4,"18":1,"19":4,"20":0,"21":4,"22":0,"23":4,"24":0,"25":4,"26":0,"27":4,"28":4,"29":1,"30":1,"31":1,"32":1,"33":1,"34":1,"35":1,"36":1,"37":1,"38":1,"39":1,"40":1,"41":1,"42":1,"43":0,"44":0,"45":1,"46":1,"47":1,"48":1},"f":{"0":4,"1":1,"2":1,"3":1,"4":1,"5":1,"6":1,"7":1,"8":0,"9":1,"10":1},"b":{"0":[1],"1":[1,3],"2":[1,3],"3":[2,2],"4":[0,4],"5":[1,3],"6":[0,4],"7":[0,4],"8":[0,4],"9":[1,3],"10":[0,4],"11":[0,4],"12":[0,4],"13":[0,4]},"_coverageSchema":"1a1c01bbd47fc00a2c39e90264f33305004495a9","hash":"c9807f147078e0b2b86e233fad532fb64f2eee60"}
,"D:\\SLIIT\\Year 2 Semester 2\\IT2150 - IT Project\\Source\\unistay_boarding_discovery_platform-frontend\\lib\\constants.ts": {"path":"D:\\SLIIT\\Year 2 Semester 2\\IT2150 - IT Project\\Source\\unistay_boarding_discovery_platform-frontend\\lib\\constants.ts","statementMap":{"0":{"start":{"line":1,"column":22},"end":{"line":19,"column":1}},"1":{"start":{"line":21,"column":23},"end":{"line":21,"column":52}},"2":{"start":{"line":23,"column":28},"end":{"line":28,"column":1}},"3":{"start":{"line":30,"column":27},"end":{"line":30,"column":39}}},"fnMap":{},"branchMap":{},"s":{"0":2,"1":2,"2":2,"3":2},"f":{},"b":{},"_coverageSchema":"1a1c01bbd47fc00a2c39e90264f33305004495a9","hash":"726ec8742d851cf8eb931df5f3427c791d067fe1"}
,"D:\\SLIIT\\Year 2 Semester 2\\IT2150 - IT Project\\Source\\unistay_boarding_discovery_platform-frontend\\lib\\payment.ts": {"path":"D:\\SLIIT\\Year 2 Semester 2\\IT2150 - IT Project\\Source\\unistay_boarding_discovery_platform-frontend\\lib\\payment.ts","statementMap":{"0":{"start":{"line":15,"column":19},"end":{"line":15,"column":54}},"1":{"start":{"line":16,"column":15},"end":{"line":16,"column":69}},"2":{"start":{"line":18,"column":19},"end":{"line":18,"column":33}},"3":{"start":{"line":19,"column":2},"end":{"line":19,"column":82}},"4":{"start":{"line":21,"column":19},"end":{"line":25,"column":3}},"5":{"start":{"line":27,"column":2},"end":{"line":27,"column":42}},"6":{"start":{"line":31,"column":19},"end":{"line":34,"column":3}},"7":{"start":{"line":35,"column":2},"end":{"line":35,"column":23}},"8":{"start":{"line":39,"column":19},"end":{"line":41,"column":3}},"9":{"start":{"line":42,"column":2},"end":{"line":42,"column":23}},"10":{"start":{"line":46,"column":19},"end":{"line":48,"column":3}},"11":{"start":{"line":49,"column":2},"end":{"line":49,"column":23}},"12":{"start":{"line":53,"column":19},"end":{"line":55,"column":3}},"13":{"start":{"line":56,"column":2},"end":{"line":56,"column":23}},"14":{"start":{"line":60,"column":19},"end":{"line":62,"column":3}},"15":{"start":{"line":63,"column":2},"end":{"line":63,"column":23}},"16":{"start":{"line":67,"column":19},"end":{"line":70,"column":3}},"17":{"start":{"line":71,"column":2},"end":{"line":71,"column":23}}},"fnMap":{"0":{"name":"uploadProofImage","decl":{"start":{"line":14,"column":22},"end":{"line":14,"column":38}},"loc":{"start":{"line":14,"column":69},"end":{"line":28,"column":1}},"line":14},"1":{"name":"createPayment","decl":{"start":{"line":30,"column":22},"end":{"line":30,"column":35}},"loc":{"start":{"line":30,"column":67},"end":{"line":36,"column":1}},"line":30},"2":{"name":"getMyPayments","decl":{"start":{"line":38,"column":22},"end":{"line":38,"column":35}},"loc":{"start":{"line":38,"column":38},"end":{"line":43,"column":1}},"line":38},"3":{"name":"getPaymentById","decl":{"start":{"line":45,"column":22},"end":{"line":45,"column":36}},"loc":{"start":{"line":45,"column":49},"end":{"line":50,"column":1}},"line":45},"4":{"name":"getBoardingPayments","decl":{"start":{"line":52,"column":22},"end":{"line":52,"column":41}},"loc":{"start":{"line":52,"column":44},"end":{"line":57,"column":1}},"line":52},"5":{"name":"confirmPayment","decl":{"start":{"line":59,"column":22},"end":{"line":59,"column":36}},"loc":{"start":{"line":59,"column":49},"end":{"line":64,"column":1}},"line":59},"6":{"name":"rejectPayment","decl":{"start":{"line":66,"column":22},"end":{"line":66,"column":35}},"loc":{"start":{"line":66,"column":79},"end":{"line":72,"column":1}},"line":66}},"branchMap":{"0":{"loc":{"start":{"line":15,"column":19},"end":{"line":15,"column":54}},"type":"binary-expr","locations":[{"start":{"line":15,"column":19},"end":{"line":15,"column":39}},{"start":{"line":15,"column":43},"end":{"line":15,"column":54}}],"line":15},"1":{"loc":{"start":{"line":16,"column":15},"end":{"line":16,"column":69}},"type":"cond-expr","locations":[{"start":{"line":16,"column":43},"end":{"line":16,"column":54}},{"start":{"line":16,"column":57},"end":{"line":16,"column":69}}],"line":16}},"s":{"0":0,"1":0,"2":0,"3":0,"4":0,"5":0,"6":2,"7":2,"8":1,"9":1,"10":1,"11":1,"12":1,"13":1,"14":1,"15":1,"16":1,"17":1},"f":{"0":0,"1":2,"2":1,"3":1,"4":1,"5":1,"6":1},"b":{"0":[0,0],"1":[0,0]},"_coverageSchema":"1a1c01bbd47fc00a2c39e90264f33305004495a9","hash":"5d66698ee144c10998eee5edaaf1af7782b48c56"}
,"D:\\SLIIT\\Year 2 Semester 2\\IT2150 - IT Project\\Source\\unistay_boarding_discovery_platform-frontend\\lib\\reservation.ts": {"path":"D:\\SLIIT\\Year 2 Semester 2\\IT2150 - IT Project\\Source\\unistay_boarding_discovery_platform-frontend\\lib\\reservation.ts","statementMap":{"0":{"start":{"line":11,"column":19},"end":{"line":14,"column":3}},"1":{"start":{"line":15,"column":2},"end":{"line":15,"column":23}},"2":{"start":{"line":19,"column":19},"end":{"line":21,"column":3}},"3":{"start":{"line":22,"column":2},"end":{"line":22,"column":23}},"4":{"start":{"line":26,"column":19},"end":{"line":28,"column":3}},"5":{"start":{"line":29,"column":2},"end":{"line":29,"column":23}},"6":{"start":{"line":33,"column":19},"end":{"line":35,"column":3}},"7":{"start":{"line":36,"column":2},"end":{"line":36,"column":23}},"8":{"start":{"line":40,"column":19},"end":{"line":42,"column":3}},"9":{"start":{"line":43,"column":2},"end":{"line":43,"column":23}},"10":{"start":{"line":47,"column":19},"end":{"line":49,"column":3}},"11":{"start":{"line":50,"column":2},"end":{"line":50,"column":23}},"12":{"start":{"line":54,"column":19},"end":{"line":57,"column":3}},"13":{"start":{"line":58,"column":2},"end":{"line":58,"column":23}},"14":{"start":{"line":62,"column":19},"end":{"line":64,"column":3}},"15":{"start":{"line":65,"column":2},"end":{"line":65,"column":23}},"16":{"start":{"line":69,"column":19},"end":{"line":71,"column":3}},"17":{"start":{"line":72,"column":2},"end":{"line":72,"column":23}}},"fnMap":{"0":{"name":"createReservation","decl":{"start":{"line":10,"column":22},"end":{"line":10,"column":39}},"loc":{"start":{"line":10,"column":75},"end":{"line":16,"column":1}},"line":10},"1":{"name":"getMyReservations","decl":{"start":{"line":18,"column":22},"end":{"line":18,"column":39}},"loc":{"start":{"line":18,"column":42},"end":{"line":23,"column":1}},"line":18},"2":{"name":"getReceivedReservations","decl":{"start":{"line":25,"column":22},"end":{"line":25,"column":45}},"loc":{"start":{"line":25,"column":48},"end":{"line":30,"column":1}},"line":25},"3":{"name":"getReservationById","decl":{"start":{"line":32,"column":22},"end":{"line":32,"column":40}},"loc":{"start":{"line":32,"column":53},"end":{"line":37,"column":1}},"line":32},"4":{"name":"getRentalPeriods","decl":{"start":{"line":39,"column":22},"end":{"line":39,"column":38}},"loc":{"start":{"line":39,"column":62},"end":{"line":44,"column":1}},"line":39},"5":{"name":"approveReservation","decl":{"start":{"line":46,"column":22},"end":{"line":46,"column":40}},"loc":{"start":{"line":46,"column":53},"end":{"line":51,"column":1}},"line":46},"6":{"name":"rejectReservation","decl":{"start":{"line":53,"column":22},"end":{"line":53,"column":39}},"loc":{"start":{"line":53,"column":87},"end":{"line":59,"column":1}},"line":53},"7":{"name":"cancelReservation","decl":{"start":{"line":61,"column":22},"end":{"line":61,"column":39}},"loc":{"start":{"line":61,"column":52},"end":{"line":66,"column":1}},"line":61},"8":{"name":"completeReservation","decl":{"start":{"line":68,"column":22},"end":{"line":68,"column":41}},"loc":{"start":{"line":68,"column":54},"end":{"line":73,"column":1}},"line":68}},"branchMap":{},"s":{"0":1,"1":1,"2":1,"3":1,"4":1,"5":1,"6":1,"7":1,"8":1,"9":1,"10":1,"11":1,"12":1,"13":1,"14":1,"15":1,"16":1,"17":1},"f":{"0":1,"1":1,"2":1,"3":1,"4":1,"5":1,"6":1,"7":1,"8":1},"b":{},"_coverageSchema":"1a1c01bbd47fc00a2c39e90264f33305004495a9","hash":"868354ec6c953f5a26e344b8406bdb5dce76061f"}
,"D:\\SLIIT\\Year 2 Semester 2\\IT2150 - IT Project\\Source\\unistay_boarding_discovery_platform-frontend\\lib\\review.ts": {"path":"D:\\SLIIT\\Year 2 Semester 2\\IT2150 - IT Project\\Source\\unistay_boarding_discovery_platform-frontend\\lib\\review.ts","statementMap":{"0":{"start":{"line":21,"column":2},"end":{"line":30,"column":4}},"1":{"start":{"line":34,"column":31},"end":{"line":37,"column":3}},"2":{"start":{"line":35,"column":43},"end":{"line":35,"column":90}},"3":{"start":{"line":38,"column":19},"end":{"line":38,"column":61}},"4":{"start":{"line":39,"column":2},"end":{"line":53,"column":4}},"5":{"start":{"line":59,"column":19},"end":{"line":61,"column":3}},"6":{"start":{"line":62,"column":2},"end":{"line":62,"column":23}},"7":{"start":{"line":69,"column":19},"end":{"line":72,"column":3}},"8":{"start":{"line":73,"column":14},"end":{"line":73,"column":27}},"9":{"start":{"line":74,"column":2},"end":{"line":80,"column":4}},"10":{"start":{"line":84,"column":19},"end":{"line":86,"column":3}},"11":{"start":{"line":87,"column":14},"end":{"line":87,"column":27}},"12":{"start":{"line":88,"column":2},"end":{"line":91,"column":4}},"13":{"start":{"line":95,"column":19},"end":{"line":98,"column":3}},"14":{"start":{"line":99,"column":14},"end":{"line":99,"column":27}},"15":{"start":{"line":100,"column":2},"end":{"line":106,"column":4}},"16":{"start":{"line":110,"column":19},"end":{"line":113,"column":3}},"17":{"start":{"line":114,"column":14},"end":{"line":114,"column":27}},"18":{"start":{"line":115,"column":2},"end":{"line":121,"column":4}},"19":{"start":{"line":125,"column":19},"end":{"line":129,"column":3}},"20":{"start":{"line":130,"column":2},"end":{"line":130,"column":23}},"21":{"start":{"line":134,"column":19},"end":{"line":138,"column":3}},"22":{"start":{"line":139,"column":2},"end":{"line":139,"column":23}},"23":{"start":{"line":143,"column":19},"end":{"line":145,"column":3}},"24":{"start":{"line":146,"column":2},"end":{"line":146,"column":23}},"25":{"start":{"line":150,"column":19},"end":{"line":152,"column":61}},"26":{"start":{"line":153,"column":2},"end":{"line":153,"column":23}},"27":{"start":{"line":157,"column":19},"end":{"line":160,"column":3}},"28":{"start":{"line":161,"column":2},"end":{"line":161,"column":23}},"29":{"start":{"line":165,"column":19},"end":{"line":168,"column":3}},"30":{"start":{"line":169,"column":2},"end":{"line":169,"column":23}},"31":{"start":{"line":173,"column":19},"end":{"line":175,"column":3}},"32":{"start":{"line":176,"column":2},"end":{"line":176,"column":23}},"33":{"start":{"line":180,"column":19},"end":{"line":182,"column":71}},"34":{"start":{"line":183,"column":2},"end":{"line":183,"column":23}}},"fnMap":{"0":{"name":"normalizeComment","decl":{"start":{"line":20,"column":9},"end":{"line":20,"column":25}},"loc":{"start":{"line":20,"column":64},"end":{"line":31,"column":1}},"line":20},"1":{"name":"normalizeReview","decl":{"start":{"line":33,"column":9},"end":{"line":33,"column":24}},"loc":{"start":{"line":33,"column":49},"end":{"line":54,"column":1}},"line":33},"2":{"name":"(anonymous_2)","decl":{"start":{"line":35,"column":30},"end":{"line":35,"column":31}},"loc":{"start":{"line":35,"column":43},"end":{"line":35,"column":90}},"line":35},"3":{"name":"getReviewStats","decl":{"start":{"line":58,"column":22},"end":{"line":58,"column":36}},"loc":{"start":{"line":58,"column":57},"end":{"line":63,"column":1}},"line":58},"4":{"name":"getBoardingReviewsById","decl":{"start":{"line":65,"column":22},"end":{"line":65,"column":44}},"loc":{"start":{"line":68,"column":2},"end":{"line":81,"column":1}},"line":68},"5":{"name":"getReviewById","decl":{"start":{"line":83,"column":22},"end":{"line":83,"column":35}},"loc":{"start":{"line":83,"column":54},"end":{"line":92,"column":1}},"line":83},"6":{"name":"getMyReviews","decl":{"start":{"line":94,"column":22},"end":{"line":94,"column":34}},"loc":{"start":{"line":94,"column":68},"end":{"line":107,"column":1}},"line":94},"7":{"name":"getMyBoardingReviews","decl":{"start":{"line":109,"column":22},"end":{"line":109,"column":42}},"loc":{"start":{"line":109,"column":76},"end":{"line":122,"column":1}},"line":109},"8":{"name":"createReview","decl":{"start":{"line":124,"column":22},"end":{"line":124,"column":34}},"loc":{"start":{"line":124,"column":55},"end":{"line":131,"column":1}},"line":124},"9":{"name":"updateReview","decl":{"start":{"line":133,"column":22},"end":{"line":133,"column":34}},"loc":{"start":{"line":133,"column":73},"end":{"line":140,"column":1}},"line":133},"10":{"name":"deleteReview","decl":{"start":{"line":142,"column":22},"end":{"line":142,"column":34}},"loc":{"start":{"line":142,"column":53},"end":{"line":147,"column":1}},"line":142},"11":{"name":"reactToReview","decl":{"start":{"line":149,"column":22},"end":{"line":149,"column":35}},"loc":{"start":{"line":149,"column":82},"end":{"line":154,"column":1}},"line":149},"12":{"name":"addComment","decl":{"start":{"line":156,"column":22},"end":{"line":156,"column":32}},"loc":{"start":{"line":156,"column":82},"end":{"line":162,"column":1}},"line":156},"13":{"name":"updateComment","decl":{"start":{"line":164,"column":22},"end":{"line":164,"column":35}},"loc":{"start":{"line":164,"column":86},"end":{"line":170,"column":1}},"line":164},"14":{"name":"deleteComment","decl":{"start":{"line":172,"column":22},"end":{"line":172,"column":35}},"loc":{"start":{"line":172,"column":55},"end":{"line":177,"column":1}},"line":172},"15":{"name":"reactToComment","decl":{"start":{"line":179,"column":22},"end":{"line":179,"column":36}},"loc":{"start":{"line":179,"column":84},"end":{"line":184,"column":1}},"line":179}},"branchMap":{"0":{"loc":{"start":{"line":35,"column":8},"end":{"line":35,"column":24}},"type":"binary-expr","locations":[{"start":{"line":35,"column":8},"end":{"line":35,"column":18}},{"start":{"line":35,"column":22},"end":{"line":35,"column":24}}],"line":35},"1":{"loc":{"start":{"line":36,"column":8},"end":{"line":36,"column":84}},"type":"cond-expr","locations":[{"start":{"line":36,"column":20},"end":{"line":36,"column":79}},{"start":{"line":36,"column":82},"end":{"line":36,"column":84}}],"line":36},"2":{"loc":{"start":{"line":38,"column":20},"end":{"line":38,"column":38}},"type":"binary-expr","locations":[{"start":{"line":38,"column":20},"end":{"line":38,"column":32}},{"start":{"line":38,"column":36},"end":{"line":38,"column":38}}],"line":38},"3":{"loc":{"start":{"line":67,"column":2},"end":{"line":67,"column":33}},"type":"default-arg","locations":[{"start":{"line":67,"column":31},"end":{"line":67,"column":33}}],"line":67},"4":{"loc":{"start":{"line":77,"column":16},"end":{"line":77,"column":38}},"type":"binary-expr","locations":[{"start":{"line":77,"column":16},"end":{"line":77,"column":32}},{"start":{"line":77,"column":36},"end":{"line":77,"column":38}}],"line":77},"5":{"loc":{"start":{"line":94,"column":35},"end":{"line":94,"column":66}},"type":"default-arg","locations":[{"start":{"line":94,"column":64},"end":{"line":94,"column":66}}],"line":94},"6":{"loc":{"start":{"line":103,"column":16},"end":{"line":103,"column":38}},"type":"binary-expr","locations":[{"start":{"line":103,"column":16},"end":{"line":103,"column":32}},{"start":{"line":103,"column":36},"end":{"line":103,"column":38}}],"line":103},"7":{"loc":{"start":{"line":109,"column":43},"end":{"line":109,"column":74}},"type":"default-arg","locations":[{"start":{"line":109,"column":72},"end":{"line":109,"column":74}}],"line":109},"8":{"loc":{"start":{"line":118,"column":16},"end":{"line":118,"column":38}},"type":"binary-expr","locations":[{"start":{"line":118,"column":16},"end":{"line":118,"column":32}},{"start":{"line":118,"column":36},"end":{"line":118,"column":38}}],"line":118}},"s":{"0":11,"1":10,"2":18,"3":10,"4":10,"5":1,"6":1,"7":2,"8":2,"9":2,"10":9,"11":9,"12":9,"13":1,"14":1,"15":1,"16":0,"17":0,"18":0,"19":0,"20":0,"21":0,"22":0,"23":1,"24":1,"25":1,"26":1,"27":1,"28":1,"29":1,"30":1,"31":1,"32":1,"33":1,"34":1},"f":{"0":11,"1":10,"2":18,"3":1,"4":2,"5":9,"6":1,"7":0,"8":0,"9":0,"10":1,"11":1,"12":1,"13":1,"14":1,"15":1},"b":{"0":[10,0],"1":[8,2],"2":[10,0],"3":[2],"4":[2,0],"5":[1],"6":[1,0],"7":[0],"8":[0,0]},"_coverageSchema":"1a1c01bbd47fc00a2c39e90264f33305004495a9","hash":"80ca1f9c639b2b6fe87fc792a14a2242d35bcd4d"}
,"D:\\SLIIT\\Year 2 Semester 2\\IT2150 - IT Project\\Source\\unistay_boarding_discovery_platform-frontend\\lib\\storage.ts": {"path":"D:\\SLIIT\\Year 2 Semester 2\\IT2150 - IT Project\\Source\\unistay_boarding_discovery_platform-frontend\\lib\\storage.ts","statementMap":{"0":{"start":{"line":5,"column":23},"end":{"line":85,"column":1}},"1":{"start":{"line":7,"column":4},"end":{"line":11,"column":5}},"2":{"start":{"line":8,"column":6},"end":{"line":8,"column":64}},"3":{"start":{"line":10,"column":6},"end":{"line":10,"column":60}},"4":{"start":{"line":15,"column":4},"end":{"line":19,"column":5}},"5":{"start":{"line":16,"column":6},"end":{"line":16,"column":64}},"6":{"start":{"line":18,"column":6},"end":{"line":18,"column":60}},"7":{"start":{"line":23,"column":4},"end":{"line":27,"column":5}},"8":{"start":{"line":24,"column":6},"end":{"line":24,"column":60}},"9":{"start":{"line":26,"column":6},"end":{"line":26,"column":56}},"10":{"start":{"line":31,"column":4},"end":{"line":35,"column":5}},"11":{"start":{"line":32,"column":6},"end":{"line":32,"column":72}},"12":{"start":{"line":34,"column":6},"end":{"line":34,"column":68}},"13":{"start":{"line":39,"column":4},"end":{"line":43,"column":5}},"14":{"start":{"line":40,"column":6},"end":{"line":40,"column":72}},"15":{"start":{"line":42,"column":6},"end":{"line":42,"column":68}},"16":{"start":{"line":47,"column":4},"end":{"line":51,"column":5}},"17":{"start":{"line":48,"column":6},"end":{"line":48,"column":68}},"18":{"start":{"line":50,"column":6},"end":{"line":50,"column":64}},"19":{"start":{"line":55,"column":4},"end":{"line":60,"column":5}},"20":{"start":{"line":56,"column":18},"end":{"line":56,"column":63}},"21":{"start":{"line":57,"column":6},"end":{"line":57,"column":49}},"22":{"start":{"line":59,"column":6},"end":{"line":59,"column":18}},"23":{"start":{"line":64,"column":4},"end":{"line":64,"column":72}},"24":{"start":{"line":68,"column":4},"end":{"line":68,"column":53}},"25":{"start":{"line":72,"column":16},"end":{"line":72,"column":72}},"26":{"start":{"line":73,"column":4},"end":{"line":73,"column":26}},"27":{"start":{"line":77,"column":4},"end":{"line":77,"column":69}},"28":{"start":{"line":81,"column":4},"end":{"line":81,"column":86}},"29":{"start":{"line":82,"column":4},"end":{"line":82,"column":29}},"30":{"start":{"line":83,"column":4},"end":{"line":83,"column":36}}},"fnMap":{"0":{"name":"(anonymous_0)","decl":{"start":{"line":6,"column":2},"end":{"line":6,"column":3}},"loc":{"start":{"line":6,"column":43},"end":{"line":12,"column":3}},"line":6},"1":{"name":"(anonymous_1)","decl":{"start":{"line":14,"column":2},"end":{"line":14,"column":3}},"loc":{"start":{"line":14,"column":47},"end":{"line":20,"column":3}},"line":14},"2":{"name":"(anonymous_2)","decl":{"start":{"line":22,"column":2},"end":{"line":22,"column":3}},"loc":{"start":{"line":22,"column":37},"end":{"line":28,"column":3}},"line":22},"3":{"name":"(anonymous_3)","decl":{"start":{"line":30,"column":2},"end":{"line":30,"column":3}},"loc":{"start":{"line":30,"column":50},"end":{"line":36,"column":3}},"line":30},"4":{"name":"(anonymous_4)","decl":{"start":{"line":38,"column":2},"end":{"line":38,"column":3}},"loc":{"start":{"line":38,"column":54},"end":{"line":44,"column":3}},"line":38},"5":{"name":"(anonymous_5)","decl":{"start":{"line":46,"column":2},"end":{"line":46,"column":3}},"loc":{"start":{"line":46,"column":44},"end":{"line":52,"column":3}},"line":46},"6":{"name":"(anonymous_6)","decl":{"start":{"line":54,"column":2},"end":{"line":54,"column":3}},"loc":{"start":{"line":54,"column":40},"end":{"line":61,"column":3}},"line":54},"7":{"name":"(anonymous_7)","decl":{"start":{"line":63,"column":2},"end":{"line":63,"column":3}},"loc":{"start":{"line":63,"column":43},"end":{"line":65,"column":3}},"line":63},"8":{"name":"(anonymous_8)","decl":{"start":{"line":67,"column":2},"end":{"line":67,"column":3}},"loc":{"start":{"line":67,"column":36},"end":{"line":69,"column":3}},"line":67},"9":{"name":"(anonymous_9)","decl":{"start":{"line":71,"column":2},"end":{"line":71,"column":3}},"loc":{"start":{"line":71,"column":45},"end":{"line":74,"column":3}},"line":71},"10":{"name":"(anonymous_10)","decl":{"start":{"line":76,"column":2},"end":{"line":76,"column":3}},"loc":{"start":{"line":76,"column":43},"end":{"line":78,"column":3}},"line":76},"11":{"name":"(anonymous_11)","decl":{"start":{"line":80,"column":2},"end":{"line":80,"column":3}},"loc":{"start":{"line":80,"column":31},"end":{"line":84,"column":3}},"line":80}},"branchMap":{"0":{"loc":{"start":{"line":57,"column":13},"end":{"line":57,"column":48}},"type":"cond-expr","locations":[{"start":{"line":57,"column":20},"end":{"line":57,"column":40}},{"start":{"line":57,"column":44},"end":{"line":57,"column":48}}],"line":57}},"s":{"0":2,"1":2,"2":2,"3":1,"4":2,"5":2,"6":1,"7":3,"8":3,"9":1,"10":2,"11":2,"12":1,"13":1,"14":1,"15":0,"16":2,"17":2,"18":0,"19":2,"20":2,"21":2,"22":0,"23":1,"24":1,"25":2,"26":2,"27":1,"28":1,"29":1,"30":1},"f":{"0":2,"1":2,"2":3,"3":2,"4":1,"5":2,"6":2,"7":1,"8":1,"9":2,"10":1,"11":1},"b":{"0":[1,1]},"_coverageSchema":"1a1c01bbd47fc00a2c39e90264f33305004495a9","hash":"27bc65d2cf76f706fea855e7d1eacebcc6d8b562"}
,"D:\\SLIIT\\Year 2 Semester 2\\IT2150 - IT Project\\Source\\unistay_boarding_discovery_platform-frontend\\lib\\user.ts": {"path":"D:\\SLIIT\\Year 2 Semester 2\\IT2150 - IT Project\\Source\\unistay_boarding_discovery_platform-frontend\\lib\\user.ts","statementMap":{"0":{"start":{"line":6,"column":19},"end":{"line":6,"column":71}},"1":{"start":{"line":7,"column":2},"end":{"line":7,"column":28}},"2":{"start":{"line":11,"column":19},"end":{"line":11,"column":80}},"3":{"start":{"line":12,"column":2},"end":{"line":12,"column":28}},"4":{"start":{"line":16,"column":19},"end":{"line":16,"column":56}},"5":{"start":{"line":17,"column":16},"end":{"line":17,"column":38}},"6":{"start":{"line":18,"column":15},"end":{"line":22,"column":20}},"7":{"start":{"line":24,"column":19},"end":{"line":24,"column":33}},"8":{"start":{"line":25,"column":2},"end":{"line":25,"column":84}},"9":{"start":{"line":27,"column":19},"end":{"line":31,"column":3}},"10":{"start":{"line":33,"column":2},"end":{"line":33,"column":44}}},"fnMap":{"0":{"name":"getCurrentUserProfile","decl":{"start":{"line":5,"column":22},"end":{"line":5,"column":43}},"loc":{"start":{"line":5,"column":46},"end":{"line":8,"column":1}},"line":5},"1":{"name":"updateCurrentUserProfile","decl":{"start":{"line":10,"column":22},"end":{"line":10,"column":46}},"loc":{"start":{"line":10,"column":78},"end":{"line":13,"column":1}},"line":10},"2":{"name":"uploadProfileImage","decl":{"start":{"line":15,"column":22},"end":{"line":15,"column":40}},"loc":{"start":{"line":15,"column":71},"end":{"line":34,"column":1}},"line":15}},"branchMap":{"0":{"loc":{"start":{"line":16,"column":19},"end":{"line":16,"column":56}},"type":"binary-expr","locations":[{"start":{"line":16,"column":19},"end":{"line":16,"column":39}},{"start":{"line":16,"column":43},"end":{"line":16,"column":56}}],"line":16},"1":{"loc":{"start":{"line":18,"column":15},"end":{"line":22,"column":20}},"type":"cond-expr","locations":[{"start":{"line":19,"column":6},"end":{"line":19,"column":17}},{"start":{"line":20,"column":6},"end":{"line":22,"column":20}}],"line":18},"2":{"loc":{"start":{"line":20,"column":6},"end":{"line":22,"column":20}},"type":"cond-expr","locations":[{"start":{"line":21,"column":8},"end":{"line":21,"column":20}},{"start":{"line":22,"column":8},"end":{"line":22,"column":20}}],"line":20},"3":{"loc":{"start":{"line":20,"column":6},"end":{"line":20,"column":55}},"type":"binary-expr","locations":[{"start":{"line":20,"column":6},"end":{"line":20,"column":28}},{"start":{"line":20,"column":32},"end":{"line":20,"column":55}}],"line":20}},"s":{"0":0,"1":0,"2":0,"3":0,"4":0,"5":0,"6":0,"7":0,"8":0,"9":0,"10":0},"f":{"0":0,"1":0,"2":0},"b":{"0":[0,0],"1":[0,0],"2":[0,0],"3":[0,0]},"_coverageSchema":"1a1c01bbd47fc00a2c39e90264f33305004495a9","hash":"7b4a94a942ed4f83055b0ad623ef5bbda673be87"}
,"D:\\SLIIT\\Year 2 Semester 2\\IT2150 - IT Project\\Source\\unistay_boarding_discovery_platform-frontend\\lib\\visit.ts": {"path":"D:\\SLIIT\\Year 2 Semester 2\\IT2150 - IT Project\\Source\\unistay_boarding_discovery_platform-frontend\\lib\\visit.ts","statementMap":{"0":{"start":{"line":10,"column":19},"end":{"line":13,"column":3}},"1":{"start":{"line":14,"column":2},"end":{"line":14,"column":23}},"2":{"start":{"line":18,"column":19},"end":{"line":20,"column":3}},"3":{"start":{"line":21,"column":2},"end":{"line":21,"column":23}},"4":{"start":{"line":25,"column":19},"end":{"line":27,"column":3}},"5":{"start":{"line":28,"column":2},"end":{"line":28,"column":23}},"6":{"start":{"line":32,"column":19},"end":{"line":34,"column":3}},"7":{"start":{"line":35,"column":2},"end":{"line":35,"column":23}},"8":{"start":{"line":39,"column":19},"end":{"line":42,"column":3}},"9":{"start":{"line":43,"column":2},"end":{"line":43,"column":23}},"10":{"start":{"line":47,"column":19},"end":{"line":49,"column":3}},"11":{"start":{"line":50,"column":2},"end":{"line":50,"column":23}}},"fnMap":{"0":{"name":"createVisitRequest","decl":{"start":{"line":9,"column":22},"end":{"line":9,"column":40}},"loc":{"start":{"line":9,"column":77},"end":{"line":15,"column":1}},"line":9},"1":{"name":"getMyVisitRequests","decl":{"start":{"line":17,"column":22},"end":{"line":17,"column":40}},"loc":{"start":{"line":17,"column":43},"end":{"line":22,"column":1}},"line":17},"2":{"name":"getReceivedVisitRequests","decl":{"start":{"line":24,"column":22},"end":{"line":24,"column":46}},"loc":{"start":{"line":24,"column":49},"end":{"line":29,"column":1}},"line":24},"3":{"name":"approveVisitRequest","decl":{"start":{"line":31,"column":22},"end":{"line":31,"column":41}},"loc":{"start":{"line":31,"column":54},"end":{"line":36,"column":1}},"line":31},"4":{"name":"rejectVisitRequest","decl":{"start":{"line":38,"column":22},"end":{"line":38,"column":40}},"loc":{"start":{"line":38,"column":82},"end":{"line":44,"column":1}},"line":38},"5":{"name":"cancelVisitRequest","decl":{"start":{"line":46,"column":22},"end":{"line":46,"column":40}},"loc":{"start":{"line":46,"column":53},"end":{"line":51,"column":1}},"line":46}},"branchMap":{},"s":{"0":2,"1":2,"2":1,"3":1,"4":1,"5":1,"6":1,"7":1,"8":1,"9":1,"10":1,"11":1},"f":{"0":2,"1":1,"2":1,"3":1,"4":1,"5":1},"b":{},"_coverageSchema":"1a1c01bbd47fc00a2c39e90264f33305004495a9","hash":"bb068e9601790eeb10e5dce12db9485834f8930a"}
,"D:\\SLIIT\\Year 2 Semester 2\\IT2150 - IT Project\\Source\\unistay_boarding_discovery_platform-frontend\\store\\auth.store.ts": {"path":"D:\\SLIIT\\Year 2 Semester 2\\IT2150 - IT Project\\Source\\unistay_boarding_discovery_platform-frontend\\store\\auth.store.ts","statementMap":{"0":{"start":{"line":10,"column":22},"end":{"line":17,"column":10}},"1":{"start":{"line":10,"column":72},"end":{"line":17,"column":10}},"2":{"start":{"line":38,"column":28},"end":{"line":161,"column":3}},"3":{"start":{"line":38,"column":61},"end":{"line":161,"column":1}},"4":{"start":{"line":46,"column":21},"end":{"line":46,"column":34}},"5":{"start":{"line":47,"column":23},"end":{"line":47,"column":37}},"6":{"start":{"line":48,"column":29},"end":{"line":48,"column":56}},"7":{"start":{"line":51,"column":4},"end":{"line":51,"column":29}},"8":{"start":{"line":52,"column":4},"end":{"line":66,"column":5}},"9":{"start":{"line":53,"column":23},"end":{"line":56,"column":8}},"10":{"start":{"line":57,"column":61},"end":{"line":57,"column":79}},"11":{"start":{"line":58,"column":6},"end":{"line":58,"column":42}},"12":{"start":{"line":59,"column":6},"end":{"line":59,"column":50}},"13":{"start":{"line":60,"column":21},"end":{"line":60,"column":50}},"14":{"start":{"line":61,"column":25},"end":{"line":61,"column":57}},"15":{"start":{"line":62,"column":6},"end":{"line":62,"column":40}},"16":{"start":{"line":63,"column":6},"end":{"line":63,"column":89}},"17":{"start":{"line":65,"column":6},"end":{"line":65,"column":32}},"18":{"start":{"line":70,"column":4},"end":{"line":70,"column":29}},"19":{"start":{"line":71,"column":4},"end":{"line":82,"column":5}},"20":{"start":{"line":72,"column":22},"end":{"line":72,"column":67}},"21":{"start":{"line":74,"column":61},"end":{"line":77,"column":7}},"22":{"start":{"line":78,"column":44},"end":{"line":78,"column":85}},"23":{"start":{"line":79,"column":6},"end":{"line":79,"column":70}},"24":{"start":{"line":81,"column":6},"end":{"line":81,"column":32}},"25":{"start":{"line":86,"column":25},"end":{"line":86,"column":80}},"26":{"start":{"line":87,"column":4},"end":{"line":93,"column":5}},"27":{"start":{"line":88,"column":6},"end":{"line":92,"column":7}},"28":{"start":{"line":89,"column":8},"end":{"line":89,"column":57}},"29":{"start":{"line":94,"column":4},"end":{"line":94,"column":26}},"30":{"start":{"line":95,"column":4},"end":{"line":95,"column":81}},"31":{"start":{"line":99,"column":4},"end":{"line":99,"column":29}},"32":{"start":{"line":100,"column":4},"end":{"line":108,"column":5}},"33":{"start":{"line":101,"column":26},"end":{"line":101,"column":36}},"34":{"start":{"line":102,"column":26},"end":{"line":102,"column":62}},"35":{"start":{"line":103,"column":25},"end":{"line":103,"column":64}},"36":{"start":{"line":104,"column":6},"end":{"line":104,"column":40}},"37":{"start":{"line":105,"column":6},"end":{"line":105,"column":32}},"38":{"start":{"line":107,"column":6},"end":{"line":107,"column":32}},"39":{"start":{"line":112,"column":24},"end":{"line":112,"column":34}},"40":{"start":{"line":113,"column":17},"end":{"line":113,"column":46}},"41":{"start":{"line":114,"column":23},"end":{"line":114,"column":55}},"42":{"start":{"line":115,"column":4},"end":{"line":115,"column":38}},"43":{"start":{"line":116,"column":4},"end":{"line":116,"column":30}},"44":{"start":{"line":120,"column":31},"end":{"line":120,"column":62}},"45":{"start":{"line":121,"column":4},"end":{"line":121,"column":42}},"46":{"start":{"line":121,"column":29},"end":{"line":121,"column":42}},"47":{"start":{"line":122,"column":4},"end":{"line":143,"column":5}},"48":{"start":{"line":123,"column":23},"end":{"line":125,"column":8}},"49":{"start":{"line":126,"column":61},"end":{"line":126,"column":79}},"50":{"start":{"line":127,"column":6},"end":{"line":127,"column":42}},"51":{"start":{"line":128,"column":6},"end":{"line":128,"column":53}},"52":{"start":{"line":129,"column":19},"end":{"line":129,"column":48}},"53":{"start":{"line":130,"column":25},"end":{"line":130,"column":54}},"54":{"start":{"line":131,"column":25},"end":{"line":131,"column":56}},"55":{"start":{"line":132,"column":6},"end":{"line":132,"column":40}},"56":{"start":{"line":133,"column":6},"end":{"line":138,"column":9}},"57":{"start":{"line":139,"column":6},"end":{"line":139,"column":18}},"58":{"start":{"line":141,"column":6},"end":{"line":141,"column":27}},"59":{"start":{"line":142,"column":6},"end":{"line":142,"column":19}},"60":{"start":{"line":147,"column":18},"end":{"line":147,"column":42}},"61":{"start":{"line":148,"column":25},"end":{"line":148,"column":56}},"62":{"start":{"line":149,"column":17},"end":{"line":149,"column":46}},"63":{"start":{"line":150,"column":4},"end":{"line":159,"column":5}},"64":{"start":{"line":151,"column":6},"end":{"line":158,"column":7}},"65":{"start":{"line":152,"column":26},"end":{"line":152,"column":55}},"66":{"start":{"line":153,"column":27},"end":{"line":153,"column":57}},"67":{"start":{"line":154,"column":8},"end":{"line":154,"column":42}},"68":{"start":{"line":155,"column":8},"end":{"line":155,"column":78}},"69":{"start":{"line":157,"column":8},"end":{"line":157,"column":66}}},"fnMap":{"0":{"name":"(anonymous_0)","decl":{"start":{"line":10,"column":22},"end":{"line":10,"column":23}},"loc":{"start":{"line":10,"column":72},"end":{"line":17,"column":10}},"line":10},"1":{"name":"(anonymous_1)","decl":{"start":{"line":38,"column":46},"end":{"line":38,"column":47}},"loc":{"start":{"line":38,"column":61},"end":{"line":161,"column":1}},"line":38},"2":{"name":"(anonymous_2)","decl":{"start":{"line":46,"column":11},"end":{"line":46,"column":12}},"loc":{"start":{"line":46,"column":21},"end":{"line":46,"column":34}},"line":46},"3":{"name":"(anonymous_3)","decl":{"start":{"line":47,"column":12},"end":{"line":47,"column":13}},"loc":{"start":{"line":47,"column":23},"end":{"line":47,"column":37}},"line":47},"4":{"name":"(anonymous_4)","decl":{"start":{"line":48,"column":19},"end":{"line":48,"column":20}},"loc":{"start":{"line":48,"column":29},"end":{"line":48,"column":56}},"line":48},"5":{"name":"(anonymous_5)","decl":{"start":{"line":50,"column":9},"end":{"line":50,"column":10}},"loc":{"start":{"line":50,"column":36},"end":{"line":67,"column":3}},"line":50},"6":{"name":"(anonymous_6)","decl":{"start":{"line":69,"column":12},"end":{"line":69,"column":13}},"loc":{"start":{"line":69,"column":28},"end":{"line":83,"column":3}},"line":69},"7":{"name":"(anonymous_7)","decl":{"start":{"line":85,"column":10},"end":{"line":85,"column":11}},"loc":{"start":{"line":85,"column":22},"end":{"line":96,"column":3}},"line":85},"8":{"name":"(anonymous_8)","decl":{"start":{"line":98,"column":17},"end":{"line":98,"column":18}},"loc":{"start":{"line":98,"column":33},"end":{"line":109,"column":3}},"line":98},"9":{"name":"(anonymous_9)","decl":{"start":{"line":111,"column":18},"end":{"line":111,"column":19}},"loc":{"start":{"line":111,"column":30},"end":{"line":117,"column":3}},"line":111},"10":{"name":"(anonymous_10)","decl":{"start":{"line":119,"column":13},"end":{"line":119,"column":14}},"loc":{"start":{"line":119,"column":25},"end":{"line":144,"column":3}},"line":119},"11":{"name":"(anonymous_11)","decl":{"start":{"line":146,"column":11},"end":{"line":146,"column":12}},"loc":{"start":{"line":146,"column":23},"end":{"line":160,"column":3}},"line":146}},"branchMap":{"0":{"loc":{"start":{"line":14,"column":4},"end":{"line":14,"column":66}},"type":"binary-expr","locations":[{"start":{"line":14,"column":4},"end":{"line":14,"column":29}},{"start":{"line":14,"column":33},"end":{"line":14,"column":58}},{"start":{"line":14,"column":62},"end":{"line":14,"column":66}}],"line":14},"1":{"loc":{"start":{"line":15,"column":9},"end":{"line":15,"column":43}},"type":"binary-expr","locations":[{"start":{"line":15,"column":9},"end":{"line":15,"column":24}},{"start":{"line":15,"column":28},"end":{"line":15,"column":43}}],"line":15},"2":{"loc":{"start":{"line":16,"column":14},"end":{"line":16,"column":58}},"type":"binary-expr","locations":[{"start":{"line":16,"column":14},"end":{"line":16,"column":34}},{"start":{"line":16,"column":38},"end":{"line":16,"column":58}}],"line":16},"3":{"loc":{"start":{"line":72,"column":22},"end":{"line":72,"column":67}},"type":"cond-expr","locations":[{"start":{"line":72,"column":48},"end":{"line":72,"column":57}},{"start":{"line":72,"column":60},"end":{"line":72,"column":67}}],"line":72},"4":{"loc":{"start":{"line":86,"column":25},"end":{"line":86,"column":80}},"type":"binary-expr","locations":[{"start":{"line":86,"column":25},"end":{"line":86,"column":43}},{"start":{"line":86,"column":48},"end":{"line":86,"column":79}}],"line":86},"5":{"loc":{"start":{"line":87,"column":4},"end":{"line":93,"column":5}},"type":"if","locations":[{"start":{"line":87,"column":4},"end":{"line":93,"column":5}},{"start":{},"end":{}}],"line":87},"6":{"loc":{"start":{"line":121,"column":4},"end":{"line":121,"column":42}},"type":"if","locations":[{"start":{"line":121,"column":4},"end":{"line":121,"column":42}},{"start":{},"end":{}}],"line":121},"7":{"loc":{"start":{"line":150,"column":4},"end":{"line":159,"column":5}},"type":"if","locations":[{"start":{"line":150,"column":4},"end":{"line":159,"column":5}},{"start":{},"end":{}}],"line":150},"8":{"loc":{"start":{"line":150,"column":8},"end":{"line":150,"column":37}},"type":"binary-expr","locations":[{"start":{"line":150,"column":8},"end":{"line":150,"column":13}},{"start":{"line":150,"column":17},"end":{"line":150,"column":29}},{"start":{"line":150,"column":33},"end":{"line":150,"column":37}}],"line":150}},"s":{"0":1,"1":5,"2":1,"3":1,"4":1,"5":1,"6":1,"7":2,"8":2,"9":2,"10":1,"11":1,"12":1,"13":1,"14":1,"15":1,"16":1,"17":2,"18":3,"19":3,"20":3,"21":3,"22":3,"23":3,"24":3,"25":4,"26":4,"27":3,"28":3,"29":4,"30":4,"31":1,"32":1,"33":1,"34":1,"35":1,"36":1,"37":1,"38":1,"39":1,"40":1,"41":1,"42":1,"43":1,"44":3,"45":3,"46":1,"47":2,"48":2,"49":1,"50":1,"51":1,"52":1,"53":1,"54":1,"55":1,"56":1,"57":1,"58":1,"59":1,"60":3,"61":3,"62":3,"63":3,"64":2,"65":2,"66":1,"67":1,"68":1,"69":1},"f":{"0":5,"1":1,"2":1,"3":1,"4":1,"5":2,"6":3,"7":4,"8":1,"9":1,"10":3,"11":3},"b":{"0":[5,5,5],"1":[5,4],"2":[5,0],"3":[2,1],"4":[4,2],"5":[3,1],"6":[1,2],"7":[2,1],"8":[3,2,2]},"_coverageSchema":"1a1c01bbd47fc00a2c39e90264f33305004495a9","hash":"172325d7ba9b3288fd1a0dc5e1560d9849922278"}
,"D:\\SLIIT\\Year 2 Semester 2\\IT2150 - IT Project\\Source\\unistay_boarding_discovery_platform-frontend\\store\\boarding.store.ts": {"path":"D:\\SLIIT\\Year 2 Semester 2\\IT2150 - IT Project\\Source\\unistay_boarding_discovery_platform-frontend\\store\\boarding.store.ts","statementMap":{"0":{"start":{"line":19,"column":32},"end":{"line":45,"column":3}},"1":{"start":{"line":19,"column":69},"end":{"line":45,"column":1}},"2":{"start":{"line":26,"column":25},"end":{"line":26,"column":30}},"3":{"start":{"line":27,"column":4},"end":{"line":31,"column":5}},"4":{"start":{"line":28,"column":6},"end":{"line":28,"column":58}},"5":{"start":{"line":28,"column":45},"end":{"line":28,"column":53}},"6":{"start":{"line":30,"column":6},"end":{"line":30,"column":43}},"7":{"start":{"line":34,"column":19},"end":{"line":34,"column":46}},"8":{"start":{"line":36,"column":24},"end":{"line":36,"column":46}},"9":{"start":{"line":38,"column":27},"end":{"line":38,"column":43}},"10":{"start":{"line":39,"column":22},"end":{"line":39,"column":42}},"11":{"start":{"line":40,"column":33},"end":{"line":40,"column":52}},"12":{"start":{"line":43,"column":4},"end":{"line":43,"column":72}},"13":{"start":{"line":43,"column":20},"end":{"line":43,"column":70}},"14":{"start":{"line":44,"column":26},"end":{"line":44,"column":50}}},"fnMap":{"0":{"name":"(anonymous_0)","decl":{"start":{"line":19,"column":54},"end":{"line":19,"column":55}},"loc":{"start":{"line":19,"column":69},"end":{"line":45,"column":1}},"line":19},"1":{"name":"(anonymous_1)","decl":{"start":{"line":25,"column":15},"end":{"line":25,"column":16}},"loc":{"start":{"line":25,"column":23},"end":{"line":32,"column":3}},"line":25},"2":{"name":"(anonymous_2)","decl":{"start":{"line":28,"column":38},"end":{"line":28,"column":39}},"loc":{"start":{"line":28,"column":45},"end":{"line":28,"column":53}},"line":28},"3":{"name":"(anonymous_3)","decl":{"start":{"line":34,"column":11},"end":{"line":34,"column":12}},"loc":{"start":{"line":34,"column":19},"end":{"line":34,"column":46}},"line":34},"4":{"name":"(anonymous_4)","decl":{"start":{"line":36,"column":15},"end":{"line":36,"column":16}},"loc":{"start":{"line":36,"column":24},"end":{"line":36,"column":46}},"line":36},"5":{"name":"(anonymous_5)","decl":{"start":{"line":38,"column":14},"end":{"line":38,"column":15}},"loc":{"start":{"line":38,"column":27},"end":{"line":38,"column":43}},"line":38},"6":{"name":"(anonymous_6)","decl":{"start":{"line":39,"column":16},"end":{"line":39,"column":17}},"loc":{"start":{"line":39,"column":22},"end":{"line":39,"column":42}},"line":39},"7":{"name":"(anonymous_7)","decl":{"start":{"line":40,"column":17},"end":{"line":40,"column":18}},"loc":{"start":{"line":40,"column":33},"end":{"line":40,"column":52}},"line":40},"8":{"name":"(anonymous_8)","decl":{"start":{"line":42,"column":18},"end":{"line":42,"column":19}},"loc":{"start":{"line":43,"column":4},"end":{"line":43,"column":72}},"line":43},"9":{"name":"(anonymous_9)","decl":{"start":{"line":43,"column":8},"end":{"line":43,"column":9}},"loc":{"start":{"line":43,"column":20},"end":{"line":43,"column":70}},"line":43},"10":{"name":"(anonymous_10)","decl":{"start":{"line":44,"column":20},"end":{"line":44,"column":21}},"loc":{"start":{"line":44,"column":26},"end":{"line":44,"column":50}},"line":44}},"branchMap":{"0":{"loc":{"start":{"line":27,"column":4},"end":{"line":31,"column":5}},"type":"if","locations":[{"start":{"line":27,"column":4},"end":{"line":31,"column":5}},{"start":{"line":29,"column":11},"end":{"line":31,"column":5}}],"line":27}},"s":{"0":1,"1":1,"2":4,"3":4,"4":1,"5":2,"6":3,"7":2,"8":2,"9":2,"10":1,"11":1,"12":5,"13":5,"14":1},"f":{"0":1,"1":4,"2":2,"3":2,"4":2,"5":2,"6":1,"7":1,"8":5,"9":5,"10":1},"b":{"0":[1,3]},"_coverageSchema":"1a1c01bbd47fc00a2c39e90264f33305004495a9","hash":"9f6ba1e2ac74405c258cdef8f0d15c7365034d11"}
,"D:\\SLIIT\\Year 2 Semester 2\\IT2150 - IT Project\\Source\\unistay_boarding_discovery_platform-frontend\\utils\\helpers.ts": {"path":"D:\\SLIIT\\Year 2 Semester 2\\IT2150 - IT Project\\Source\\unistay_boarding_discovery_platform-frontend\\utils\\helpers.ts","statementMap":{"0":{"start":{"line":2,"column":2},"end":{"line":2,"column":50}},"1":{"start":{"line":6,"column":15},"end":{"line":6,"column":35}},"2":{"start":{"line":7,"column":14},"end":{"line":7,"column":24}},"3":{"start":{"line":8,"column":17},"end":{"line":8,"column":47}},"4":{"start":{"line":9,"column":18},"end":{"line":9,"column":43}},"5":{"start":{"line":10,"column":18},"end":{"line":10,"column":42}},"6":{"start":{"line":11,"column":19},"end":{"line":11,"column":43}},"7":{"start":{"line":12,"column":18},"end":{"line":12,"column":43}},"8":{"start":{"line":14,"column":2},"end":{"line":14,"column":38}},"9":{"start":{"line":14,"column":20},"end":{"line":14,"column":38}},"10":{"start":{"line":15,"column":2},"end":{"line":15,"column":45}},"11":{"start":{"line":15,"column":20},"end":{"line":15,"column":45}},"12":{"start":{"line":16,"column":2},"end":{"line":16,"column":47}},"13":{"start":{"line":16,"column":21},"end":{"line":16,"column":47}},"14":{"start":{"line":17,"column":2},"end":{"line":17,"column":44}},"15":{"start":{"line":17,"column":19},"end":{"line":17,"column":44}},"16":{"start":{"line":18,"column":2},"end":{"line":18,"column":35}},"17":{"start":{"line":22,"column":2},"end":{"line":22,"column":69}},"18":{"start":{"line":26,"column":12},"end":{"line":26,"column":36}},"19":{"start":{"line":27,"column":12},"end":{"line":27,"column":24}},"20":{"start":{"line":28,"column":2},"end":{"line":28,"column":71}},"21":{"start":{"line":32,"column":2},"end":{"line":46,"column":3}},"22":{"start":{"line":33,"column":23},"end":{"line":40,"column":5}},"23":{"start":{"line":41,"column":17},"end":{"line":41,"column":42}},"24":{"start":{"line":42,"column":4},"end":{"line":44,"column":5}},"25":{"start":{"line":43,"column":6},"end":{"line":43,"column":59}},"26":{"start":{"line":43,"column":37},"end":{"line":43,"column":46}},"27":{"start":{"line":45,"column":4},"end":{"line":45,"column":48}},"28":{"start":{"line":47,"column":2},"end":{"line":47,"column":51}},"29":{"start":{"line":47,"column":30},"end":{"line":47,"column":51}},"30":{"start":{"line":48,"column":2},"end":{"line":48,"column":40}}},"fnMap":{"0":{"name":"formatCurrency","decl":{"start":{"line":1,"column":16},"end":{"line":1,"column":30}},"loc":{"start":{"line":1,"column":73},"end":{"line":3,"column":1}},"line":1},"1":{"name":"timeAgo","decl":{"start":{"line":5,"column":16},"end":{"line":5,"column":23}},"loc":{"start":{"line":5,"column":52},"end":{"line":19,"column":1}},"line":5},"2":{"name":"getInitials","decl":{"start":{"line":21,"column":16},"end":{"line":21,"column":27}},"loc":{"start":{"line":21,"column":73},"end":{"line":23,"column":1}},"line":21},"3":{"name":"formatCountdown","decl":{"start":{"line":25,"column":16},"end":{"line":25,"column":31}},"loc":{"start":{"line":25,"column":57},"end":{"line":29,"column":1}},"line":25},"4":{"name":"getErrorMessage","decl":{"start":{"line":31,"column":16},"end":{"line":31,"column":31}},"loc":{"start":{"line":31,"column":56},"end":{"line":49,"column":1}},"line":31},"5":{"name":"(anonymous_5)","decl":{"start":{"line":43,"column":30},"end":{"line":43,"column":31}},"loc":{"start":{"line":43,"column":37},"end":{"line":43,"column":46}},"line":43}},"branchMap":{"0":{"loc":{"start":{"line":1,"column":47},"end":{"line":1,"column":63}},"type":"default-arg","locations":[{"start":{"line":1,"column":58},"end":{"line":1,"column":63}}],"line":1},"1":{"loc":{"start":{"line":14,"column":2},"end":{"line":14,"column":38}},"type":"if","locations":[{"start":{"line":14,"column":2},"end":{"line":14,"column":38}},{"start":{},"end":{}}],"line":14},"2":{"loc":{"start":{"line":15,"column":2},"end":{"line":15,"column":45}},"type":"if","locations":[{"start":{"line":15,"column":2},"end":{"line":15,"column":45}},{"start":{},"end":{}}],"line":15},"3":{"loc":{"start":{"line":16,"column":2},"end":{"line":16,"column":47}},"type":"if","locations":[{"start":{"line":16,"column":2},"end":{"line":16,"column":47}},{"start":{},"end":{}}],"line":16},"4":{"loc":{"start":{"line":17,"column":2},"end":{"line":17,"column":44}},"type":"if","locations":[{"start":{"line":17,"column":2},"end":{"line":17,"column":44}},{"start":{},"end":{}}],"line":17},"5":{"loc":{"start":{"line":32,"column":2},"end":{"line":46,"column":3}},"type":"if","locations":[{"start":{"line":32,"column":2},"end":{"line":46,"column":3}},{"start":{},"end":{}}],"line":32},"6":{"loc":{"start":{"line":32,"column":6},"end":{"line":32,"column":63}},"type":"binary-expr","locations":[{"start":{"line":32,"column":6},"end":{"line":32,"column":11}},{"start":{"line":32,"column":15},"end":{"line":32,"column":40}},{"start":{"line":32,"column":44},"end":{"line":32,"column":63}}],"line":32},"7":{"loc":{"start":{"line":42,"column":4},"end":{"line":44,"column":5}},"type":"if","locations":[{"start":{"line":42,"column":4},"end":{"line":44,"column":5}},{"start":{},"end":{}}],"line":42},"8":{"loc":{"start":{"line":42,"column":8},"end":{"line":42,"column":48}},"type":"binary-expr","locations":[{"start":{"line":42,"column":8},"end":{"line":42,"column":21}},{"start":{"line":42,"column":25},"end":{"line":42,"column":48}}],"line":42},"9":{"loc":{"start":{"line":45,"column":11},"end":{"line":45,"column":47}},"type":"binary-expr","locations":[{"start":{"line":45,"column":11},"end":{"line":45,"column":24}},{"start":{"line":45,"column":28},"end":{"line":45,"column":47}}],"line":45},"10":{"loc":{"start":{"line":47,"column":2},"end":{"line":47,"column":51}},"type":"if","locations":[{"start":{"line":47,"column":2},"end":{"line":47,"column":51}},{"start":{},"end":{}}],"line":47}},"s":{"0":5,"1":6,"2":6,"3":6,"4":6,"5":6,"6":6,"7":6,"8":6,"9":2,"10":4,"11":1,"12":3,"13":1,"14":2,"15":1,"16":1,"17":4,"18":6,"19":6,"20":6,"21":8,"22":4,"23":4,"24":4,"25":1,"26":2,"27":3,"28":4,"29":1,"30":3},"f":{"0":5,"1":6,"2":4,"3":6,"4":8,"5":2},"b":{"0":[4],"1":[2,4],"2":[1,3],"3":[1,2],"4":[1,1],"5":[4,4],"6":[8,7,5],"7":[1,3],"8":[4,2],"9":[3,1],"10":[1,3]},"_coverageSchema":"1a1c01bbd47fc00a2c39e90264f33305004495a9","hash":"0138c05b8d9064bccad030458f71d84ecb2c163c"}
,"D:\\SLIIT\\Year 2 Semester 2\\IT2150 - IT Project\\Source\\unistay_boarding_discovery_platform-frontend\\utils\\password.ts": {"path":"D:\\SLIIT\\Year 2 Semester 2\\IT2150 - IT Project\\Source\\unistay_boarding_discovery_platform-frontend\\utils\\password.ts","statementMap":{"0":{"start":{"line":12,"column":23},"end":{"line":16,"column":3}},"1":{"start":{"line":18,"column":14},"end":{"line":18,"column":15}},"2":{"start":{"line":19,"column":2},"end":{"line":19,"column":36}},"3":{"start":{"line":19,"column":28},"end":{"line":19,"column":36}},"4":{"start":{"line":20,"column":2},"end":{"line":20,"column":38}},"5":{"start":{"line":20,"column":30},"end":{"line":20,"column":38}},"6":{"start":{"line":21,"column":2},"end":{"line":21,"column":38}},"7":{"start":{"line":21,"column":30},"end":{"line":21,"column":38}},"8":{"start":{"line":22,"column":2},"end":{"line":22,"column":38}},"9":{"start":{"line":22,"column":30},"end":{"line":22,"column":38}},"10":{"start":{"line":23,"column":2},"end":{"line":23,"column":70}},"11":{"start":{"line":23,"column":62},"end":{"line":23,"column":70}},"12":{"start":{"line":25,"column":23},"end":{"line":25,"column":63}},"13":{"start":{"line":27,"column":17},"end":{"line":27,"column":59}},"14":{"start":{"line":28,"column":17},"end":{"line":28,"column":72}},"15":{"start":{"line":30,"column":2},"end":{"line":35,"column":4}}},"fnMap":{"0":{"name":"getPasswordStrength","decl":{"start":{"line":11,"column":16},"end":{"line":11,"column":35}},"loc":{"start":{"line":11,"column":72},"end":{"line":36,"column":1}},"line":11}},"branchMap":{"0":{"loc":{"start":{"line":19,"column":2},"end":{"line":19,"column":36}},"type":"if","locations":[{"start":{"line":19,"column":2},"end":{"line":19,"column":36}},{"start":{},"end":{}}],"line":19},"1":{"loc":{"start":{"line":20,"column":2},"end":{"line":20,"column":38}},"type":"if","locations":[{"start":{"line":20,"column":2},"end":{"line":20,"column":38}},{"start":{},"end":{}}],"line":20},"2":{"loc":{"start":{"line":21,"column":2},"end":{"line":21,"column":38}},"type":"if","locations":[{"start":{"line":21,"column":2},"end":{"line":21,"column":38}},{"start":{},"end":{}}],"line":21},"3":{"loc":{"start":{"line":22,"column":2},"end":{"line":22,"column":38}},"type":"if","locations":[{"start":{"line":22,"column":2},"end":{"line":22,"column":38}},{"start":{},"end":{}}],"line":22},"4":{"loc":{"start":{"line":23,"column":2},"end":{"line":23,"column":70}},"type":"if","locations":[{"start":{"line":23,"column":2},"end":{"line":23,"column":70}},{"start":{},"end":{}}],"line":23}},"s":{"0":19,"1":19,"2":19,"3":13,"4":19,"5":6,"6":19,"7":15,"8":19,"9":6,"10":19,"11":5,"12":19,"13":19,"14":19,"15":19},"f":{"0":19},"b":{"0":[13,6],"1":[6,13],"2":[15,4],"3":[6,13],"4":[5,14]},"_coverageSchema":"1a1c01bbd47fc00a2c39e90264f33305004495a9","hash":"a076355b750149e3643d340689da4d85e483a1d0"}
,"D:\\SLIIT\\Year 2 Semester 2\\IT2150 - IT Project\\Source\\unistay_boarding_discovery_platform-frontend\\utils\\validation.ts": {"path":"D:\\SLIIT\\Year 2 Semester 2\\IT2150 - IT Project\\Source\\unistay_boarding_discovery_platform-frontend\\utils\\validation.ts","statementMap":{"0":{"start":{"line":3,"column":23},"end":{"line":7,"column":62}},"1":{"start":{"line":9,"column":27},"end":{"line":12,"column":2}},"2":{"start":{"line":14,"column":37},"end":{"line":27,"column":4}},"3":{"start":{"line":22,"column":46},"end":{"line":22,"column":86}},"4":{"start":{"line":24,"column":20},"end":{"line":24,"column":58}},"5":{"start":{"line":29,"column":35},"end":{"line":43,"column":4}},"6":{"start":{"line":38,"column":46},"end":{"line":38,"column":86}},"7":{"start":{"line":40,"column":20},"end":{"line":40,"column":58}},"8":{"start":{"line":45,"column":36},"end":{"line":47,"column":2}},"9":{"start":{"line":49,"column":35},"end":{"line":57,"column":4}},"10":{"start":{"line":54,"column":20},"end":{"line":54,"column":58}},"11":{"start":{"line":59,"column":36},"end":{"line":68,"column":4}},"12":{"start":{"line":65,"column":20},"end":{"line":65,"column":61}},"13":{"start":{"line":70,"column":33},"end":{"line":76,"column":2}}},"fnMap":{"0":{"name":"(anonymous_0)","decl":{"start":{"line":22,"column":39},"end":{"line":22,"column":40}},"loc":{"start":{"line":22,"column":46},"end":{"line":22,"column":86}},"line":22},"1":{"name":"(anonymous_1)","decl":{"start":{"line":24,"column":10},"end":{"line":24,"column":11}},"loc":{"start":{"line":24,"column":20},"end":{"line":24,"column":58}},"line":24},"2":{"name":"(anonymous_2)","decl":{"start":{"line":38,"column":39},"end":{"line":38,"column":40}},"loc":{"start":{"line":38,"column":46},"end":{"line":38,"column":86}},"line":38},"3":{"name":"(anonymous_3)","decl":{"start":{"line":40,"column":10},"end":{"line":40,"column":11}},"loc":{"start":{"line":40,"column":20},"end":{"line":40,"column":58}},"line":40},"4":{"name":"(anonymous_4)","decl":{"start":{"line":54,"column":10},"end":{"line":54,"column":11}},"loc":{"start":{"line":54,"column":20},"end":{"line":54,"column":58}},"line":54},"5":{"name":"(anonymous_5)","decl":{"start":{"line":65,"column":10},"end":{"line":65,"column":11}},"loc":{"start":{"line":65,"column":20},"end":{"line":65,"column":61}},"line":65}},"branchMap":{},"s":{"0":1,"1":1,"2":1,"3":1,"4":9,"5":1,"6":0,"7":6,"8":1,"9":1,"10":3,"11":1,"12":4,"13":1},"f":{"0":1,"1":9,"2":0,"3":6,"4":3,"5":4},"b":{},"_coverageSchema":"1a1c01bbd47fc00a2c39e90264f33305004495a9","hash":"6431cebad28337d60aa6036aac7d9b737a45c8bd"}
}
