TN:
SF:lib\boarding.ts
FN:58,searchBoardings
FN:80,getBoardingBySlug
FN:87,getMyListings
FN:94,createBoarding
FN:102,updateBoarding
FN:110,submitBoardingForApproval
FN:117,deactivateBoarding
FN:124,activateBoarding
FN:131,uploadBoardingImages
FN:142,deleteBoardingImage
FN:149,getBoardingReviews
FNF:11
FNH:10
FNDA:4,searchBoardings
FNDA:1,getBoardingBySlug
FNDA:1,getMyListings
FNDA:1,createBoarding
FNDA:1,updateBoarding
FNDA:1,submitBoardingForApproval
FNDA:1,deactivateBoarding
FNDA:1,activateBoarding
FNDA:0,uploadBoardingImages
FNDA:1,deleteBoardingImage
FNDA:1,getBoardingReviews
DA:59,4
DA:60,4
DA:61,4
DA:62,4
DA:63,4
DA:64,4
DA:65,4
DA:66,4
DA:67,4
DA:68,4
DA:69,4
DA:70,4
DA:71,4
DA:72,4
DA:74,4
DA:77,4
DA:81,1
DA:84,1
DA:88,1
DA:91,1
DA:95,1
DA:99,1
DA:103,1
DA:107,1
DA:111,1
DA:114,1
DA:118,1
DA:121,1
DA:125,1
DA:128,1
DA:132,0
DA:139,0
DA:143,1
DA:146,1
DA:150,1
DA:153,1
LF:36
LH:34
BRDA:58,0,0,1
BRDA:60,1,0,1
BRDA:60,1,1,3
BRDA:61,2,0,1
BRDA:61,2,1,3
BRDA:62,3,0,2
BRDA:62,3,1,2
BRDA:63,4,0,0
BRDA:63,4,1,4
BRDA:64,5,0,1
BRDA:64,5,1,3
BRDA:65,6,0,0
BRDA:65,6,1,4
BRDA:66,7,0,0
BRDA:66,7,1,4
BRDA:67,8,0,0
BRDA:67,8,1,4
BRDA:68,9,0,1
BRDA:68,9,1,3
BRDA:69,10,0,0
BRDA:69,10,1,4
BRDA:70,11,0,0
BRDA:70,11,1,4
BRDA:71,12,0,0
BRDA:71,12,1,4
BRDA:72,13,0,0
BRDA:72,13,1,4
BRF:27
BRH:19
end_of_record
TN:
SF:lib\constants.ts
FNF:0
FNH:0
DA:1,2
DA:21,2
DA:23,2
DA:30,2
LF:4
LH:4
BRF:0
BRH:0
end_of_record
TN:
SF:lib\payment.ts
FN:14,uploadProofImage
FN:30,createPayment
FN:38,getMyPayments
FN:45,getPaymentById
FN:52,getBoardingPayments
FN:59,confirmPayment
FN:66,rejectPayment
FNF:7
FNH:6
FNDA:0,uploadProofImage
FNDA:2,createPayment
FNDA:1,getMyPayments
FNDA:1,getPaymentById
FNDA:1,getBoardingPayments
FNDA:1,confirmPayment
FNDA:1,rejectPayment
DA:15,0
DA:16,0
DA:18,0
DA:19,0
DA:21,0
DA:27,0
DA:31,2
DA:35,2
DA:39,1
DA:42,1
DA:46,1
DA:49,1
DA:53,1
DA:56,1
DA:60,1
DA:63,1
DA:67,1
DA:71,1
LF:18
LH:12
BRDA:15,0,0,0
BRDA:15,0,1,0
BRDA:16,1,0,0
BRDA:16,1,1,0
BRF:4
BRH:0
end_of_record
TN:
SF:lib\reservation.ts
FN:10,createReservation
FN:18,getMyReservations
FN:25,getReceivedReservations
FN:32,getReservationById
FN:39,getRentalPeriods
FN:46,approveReservation
FN:53,rejectReservation
FN:61,cancelReservation
FN:68,completeReservation
FNF:9
FNH:9
FNDA:1,createReservation
FNDA:1,getMyReservations
FNDA:1,getReceivedReservations
FNDA:1,getReservationById
FNDA:1,getRentalPeriods
FNDA:1,approveReservation
FNDA:1,rejectReservation
FNDA:1,cancelReservation
FNDA:1,completeReservation
DA:11,1
DA:15,1
DA:19,1
DA:22,1
DA:26,1
DA:29,1
DA:33,1
DA:36,1
DA:40,1
DA:43,1
DA:47,1
DA:50,1
DA:54,1
DA:58,1
DA:62,1
DA:65,1
DA:69,1
DA:72,1
LF:18
LH:18
BRF:0
BRH:0
end_of_record
TN:
SF:lib\review.ts
FN:20,normalizeComment
FN:33,normalizeReview
FN:35,(anonymous_2)
FN:58,getReviewStats
FN:65,getBoardingReviewsById
FN:83,getReviewById
FN:94,getMyReviews
FN:109,getMyBoardingReviews
FN:124,createReview
FN:133,updateReview
FN:142,deleteReview
FN:149,reactToReview
FN:156,addComment
FN:164,updateComment
FN:172,deleteComment
FN:179,reactToComment
FNF:16
FNH:13
FNDA:11,normalizeComment
FNDA:10,normalizeReview
FNDA:18,(anonymous_2)
FNDA:1,getReviewStats
FNDA:2,getBoardingReviewsById
FNDA:9,getReviewById
FNDA:1,getMyReviews
FNDA:0,getMyBoardingReviews
FNDA:0,createReview
FNDA:0,updateReview
FNDA:1,deleteReview
FNDA:1,reactToReview
FNDA:1,addComment
FNDA:1,updateComment
FNDA:1,deleteComment
FNDA:1,reactToComment
DA:21,11
DA:34,10
DA:35,18
DA:38,10
DA:39,10
DA:59,1
DA:62,1
DA:69,2
DA:73,2
DA:74,2
DA:84,9
DA:87,9
DA:88,9
DA:95,1
DA:99,1
DA:100,1
DA:110,0
DA:114,0
DA:115,0
DA:125,0
DA:130,0
DA:134,0
DA:139,0
DA:143,1
DA:146,1
DA:150,1
DA:153,1
DA:157,1
DA:161,1
DA:165,1
DA:169,1
DA:173,1
DA:176,1
DA:180,1
DA:183,1
LF:35
LH:28
BRDA:35,0,0,10
BRDA:35,0,1,0
BRDA:36,1,0,8
BRDA:36,1,1,2
BRDA:38,2,0,10
BRDA:38,2,1,0
BRDA:67,3,0,2
BRDA:77,4,0,2
BRDA:77,4,1,0
BRDA:94,5,0,1
BRDA:103,6,0,1
BRDA:103,6,1,0
BRDA:109,7,0,0
BRDA:118,8,0,0
BRDA:118,8,1,0
BRF:15
BRH:8
end_of_record
TN:
SF:lib\storage.ts
FN:6,(anonymous_0)
FN:14,(anonymous_1)
FN:22,(anonymous_2)
FN:30,(anonymous_3)
FN:38,(anonymous_4)
FN:46,(anonymous_5)
FN:54,(anonymous_6)
FN:63,(anonymous_7)
FN:67,(anonymous_8)
FN:71,(anonymous_9)
FN:76,(anonymous_10)
FN:80,(anonymous_11)
FNF:12
FNH:12
FNDA:2,(anonymous_0)
FNDA:2,(anonymous_1)
FNDA:3,(anonymous_2)
FNDA:2,(anonymous_3)
FNDA:1,(anonymous_4)
FNDA:2,(anonymous_5)
FNDA:2,(anonymous_6)
FNDA:1,(anonymous_7)
FNDA:1,(anonymous_8)
FNDA:2,(anonymous_9)
FNDA:1,(anonymous_10)
FNDA:1,(anonymous_11)
DA:5,2
DA:7,2
DA:8,2
DA:10,1
DA:15,2
DA:16,2
DA:18,1
DA:23,3
DA:24,3
DA:26,1
DA:31,2
DA:32,2
DA:34,1
DA:39,1
DA:40,1
DA:42,0
DA:47,2
DA:48,2
DA:50,0
DA:55,2
DA:56,2
DA:57,2
DA:59,0
DA:64,1
DA:68,1
DA:72,2
DA:73,2
DA:77,1
DA:81,1
DA:82,1
DA:83,1
LF:31
LH:28
BRDA:57,0,0,1
BRDA:57,0,1,1
BRF:2
BRH:2
end_of_record
TN:
SF:lib\user.ts
FN:5,getCurrentUserProfile
FN:10,updateCurrentUserProfile
FN:15,uploadProfileImage
FNF:3
FNH:0
FNDA:0,getCurrentUserProfile
FNDA:0,updateCurrentUserProfile
FNDA:0,uploadProfileImage
DA:6,0
DA:7,0
DA:11,0
DA:12,0
DA:16,0
DA:17,0
DA:18,0
DA:24,0
DA:25,0
DA:27,0
DA:33,0
LF:11
LH:0
BRDA:16,0,0,0
BRDA:16,0,1,0
BRDA:18,1,0,0
BRDA:18,1,1,0
BRDA:20,2,0,0
BRDA:20,2,1,0
BRDA:20,3,0,0
BRDA:20,3,1,0
BRF:8
BRH:0
end_of_record
TN:
SF:lib\visit.ts
FN:9,createVisitRequest
FN:17,getMyVisitRequests
FN:24,getReceivedVisitRequests
FN:31,approveVisitRequest
FN:38,rejectVisitRequest
FN:46,cancelVisitRequest
FNF:6
FNH:6
FNDA:2,createVisitRequest
FNDA:1,getMyVisitRequests
FNDA:1,getReceivedVisitRequests
FNDA:1,approveVisitRequest
FNDA:1,rejectVisitRequest
FNDA:1,cancelVisitRequest
DA:10,2
DA:14,2
DA:18,1
DA:21,1
DA:25,1
DA:28,1
DA:32,1
DA:35,1
DA:39,1
DA:43,1
DA:47,1
DA:50,1
LF:12
LH:12
BRF:0
BRH:0
end_of_record
TN:
SF:store\auth.store.ts
FN:10,(anonymous_0)
FN:38,(anonymous_1)
FN:46,(anonymous_2)
FN:47,(anonymous_3)
FN:48,(anonymous_4)
FN:50,(anonymous_5)
FN:69,(anonymous_6)
FN:85,(anonymous_7)
FN:98,(anonymous_8)
FN:111,(anonymous_9)
FN:119,(anonymous_10)
FN:146,(anonymous_11)
FNF:12
FNH:12
FNDA:5,(anonymous_0)
FNDA:1,(anonymous_1)
FNDA:1,(anonymous_2)
FNDA:1,(anonymous_3)
FNDA:1,(anonymous_4)
FNDA:2,(anonymous_5)
FNDA:3,(anonymous_6)
FNDA:4,(anonymous_7)
FNDA:1,(anonymous_8)
FNDA:1,(anonymous_9)
FNDA:3,(anonymous_10)
FNDA:3,(anonymous_11)
DA:10,5
DA:38,1
DA:46,1
DA:47,1
DA:48,1
DA:51,2
DA:52,2
DA:53,2
DA:57,1
DA:58,1
DA:59,1
DA:60,1
DA:61,1
DA:62,1
DA:63,1
DA:65,2
DA:70,3
DA:71,3
DA:72,3
DA:74,3
DA:78,3
DA:79,3
DA:81,3
DA:86,4
DA:87,4
DA:88,3
DA:89,3
DA:94,4
DA:95,4
DA:99,1
DA:100,1
DA:101,1
DA:102,1
DA:103,1
DA:104,1
DA:105,1
DA:107,1
DA:112,1
DA:113,1
DA:114,1
DA:115,1
DA:116,1
DA:120,3
DA:121,3
DA:122,2
DA:123,2
DA:126,1
DA:127,1
DA:128,1
DA:129,1
DA:130,1
DA:131,1
DA:132,1
DA:133,1
DA:139,1
DA:141,1
DA:142,1
DA:147,3
DA:148,3
DA:149,3
DA:150,3
DA:151,2
DA:152,2
DA:153,1
DA:154,1
DA:155,1
DA:157,1
LF:67
LH:67
BRDA:14,0,0,5
BRDA:14,0,1,5
BRDA:14,0,2,5
BRDA:15,1,0,5
BRDA:15,1,1,4
BRDA:16,2,0,5
BRDA:16,2,1,0
BRDA:72,3,0,2
BRDA:72,3,1,1
BRDA:86,4,0,4
BRDA:86,4,1,2
BRDA:87,5,0,3
BRDA:87,5,1,1
BRDA:121,6,0,1
BRDA:121,6,1,2
BRDA:150,7,0,2
BRDA:150,7,1,1
BRDA:150,8,0,3
BRDA:150,8,1,2
BRDA:150,8,2,2
BRF:20
BRH:19
end_of_record
TN:
SF:store\boarding.store.ts
FN:19,(anonymous_0)
FN:25,(anonymous_1)
FN:28,(anonymous_2)
FN:34,(anonymous_3)
FN:36,(anonymous_4)
FN:38,(anonymous_5)
FN:39,(anonymous_6)
FN:40,(anonymous_7)
FN:42,(anonymous_8)
FN:43,(anonymous_9)
FN:44,(anonymous_10)
FNF:11
FNH:11
FNDA:1,(anonymous_0)
FNDA:4,(anonymous_1)
FNDA:2,(anonymous_2)
FNDA:2,(anonymous_3)
FNDA:2,(anonymous_4)
FNDA:2,(anonymous_5)
FNDA:1,(anonymous_6)
FNDA:1,(anonymous_7)
FNDA:5,(anonymous_8)
FNDA:5,(anonymous_9)
FNDA:1,(anonymous_10)
DA:19,1
DA:26,4
DA:27,4
DA:28,2
DA:30,3
DA:34,2
DA:36,2
DA:38,2
DA:39,1
DA:40,1
DA:43,5
DA:44,1
LF:12
LH:12
BRDA:27,0,0,1
BRDA:27,0,1,3
BRF:2
BRH:2
end_of_record
TN:
SF:utils\helpers.ts
FN:1,formatCurrency
FN:5,timeAgo
FN:21,getInitials
FN:25,formatCountdown
FN:31,getErrorMessage
FN:43,(anonymous_5)
FNF:6
FNH:6
FNDA:5,formatCurrency
FNDA:6,timeAgo
FNDA:4,getInitials
FNDA:6,formatCountdown
FNDA:8,getErrorMessage
FNDA:2,(anonymous_5)
DA:2,5
DA:6,6
DA:7,6
DA:8,6
DA:9,6
DA:10,6
DA:11,6
DA:12,6
DA:14,6
DA:15,4
DA:16,3
DA:17,2
DA:18,1
DA:22,4
DA:26,6
DA:27,6
DA:28,6
DA:32,8
DA:33,4
DA:41,4
DA:42,4
DA:43,2
DA:45,3
DA:47,4
DA:48,3
LF:25
LH:25
BRDA:1,0,0,4
BRDA:14,1,0,2
BRDA:14,1,1,4
BRDA:15,2,0,1
BRDA:15,2,1,3
BRDA:16,3,0,1
BRDA:16,3,1,2
BRDA:17,4,0,1
BRDA:17,4,1,1
BRDA:32,5,0,4
BRDA:32,5,1,4
BRDA:32,6,0,8
BRDA:32,6,1,7
BRDA:32,6,2,5
BRDA:42,7,0,1
BRDA:42,7,1,3
BRDA:42,8,0,4
BRDA:42,8,1,2
BRDA:45,9,0,3
BRDA:45,9,1,1
BRDA:47,10,0,1
BRDA:47,10,1,3
BRF:22
BRH:22
end_of_record
TN:
SF:utils\password.ts
FN:11,getPasswordStrength
FNF:1
FNH:1
FNDA:19,getPasswordStrength
DA:12,19
DA:18,19
DA:19,19
DA:20,19
DA:21,19
DA:22,19
DA:23,19
DA:25,19
DA:27,19
DA:28,19
DA:30,19
LF:11
LH:11
BRDA:19,0,0,13
BRDA:19,0,1,6
BRDA:20,1,0,6
BRDA:20,1,1,13
BRDA:21,2,0,15
BRDA:21,2,1,4
BRDA:22,3,0,6
BRDA:22,3,1,13
BRDA:23,4,0,5
BRDA:23,4,1,14
BRF:10
BRH:10
end_of_record
TN:
SF:utils\validation.ts
FN:22,(anonymous_0)
FN:24,(anonymous_1)
FN:38,(anonymous_2)
FN:40,(anonymous_3)
FN:54,(anonymous_4)
FN:65,(anonymous_5)
FNF:6
FNH:5
FNDA:1,(anonymous_0)
FNDA:9,(anonymous_1)
FNDA:0,(anonymous_2)
FNDA:6,(anonymous_3)
FNDA:3,(anonymous_4)
FNDA:4,(anonymous_5)
DA:3,1
DA:9,1
DA:14,1
DA:22,1
DA:24,9
DA:29,1
DA:38,0
DA:40,6
DA:45,1
DA:49,1
DA:54,3
DA:59,1
DA:65,4
DA:70,1
LF:14
LH:13
BRF:0
BRH:0
end_of_record
